Arguments: 
  /usr/local/bin/node /usr/local/bin/yarn add react-router

PATH: 
  /usr/local/bin:/usr/bin:/bin:/usr/sbin:/sbin

Yarn version: 
  1.22.5

Node version: 
  10.14.1

Platform: 
  darwin x64

Trace: 
  Error: http://hnpm.hupu.io/lodash: ETIMEDOUT
      at Timeout._onTimeout (/usr/local/lib/node_modules/yarn/lib/cli.js:141322:19)
      at ontimeout (timers.js:436:11)
      at tryOnTimeout (timers.js:300:5)
      at listOnTimeout (timers.js:263:5)
      at Timer.processTimers (timers.js:223:10)

npm manifest: 
  {
    "name": "toDoList",
    "version": "1.0.0",
    "description": "",
    "main": "index.js",
    "scripts": {
      "test": "echo \"Error: no test specified\" && exit 1",
      "build": "webpack --config webpack.prod.js",
      "watch": "webpack --watch",
      "start": "webpack-dev-server --prograss --open --config webpack.dev.js",
      "server": "node server.js"
    },
    "keywords": [],
    "author": "",
    "license": "ISC",
    "dependencies": {
      "lodash": "^4.17.11",
      "npm-check-updates": "^3.1.21",
      "react": "^16.8.4",
      "react-dom": "^16.8.4",
      "react-redux": "^7.1.0",
      "redux": "^4.0.4"
    },
    "devDependencies": {
      "babel-core": "^6.26.3",
      "babel-loader": "^7.1.5",
      "babel-preset-env": "^1.7.0",
      "babel-preset-es2015": "^6.24.1",
      "babel-preset-react": "^6.24.1",
      "clean-webpack-plugin": "^2.0.0",
      "css-loader": "^2.1.1",
      "csv-loader": "^3.0.2",
      "express": "^4.16.4",
      "file-loader": "^3.0.1",
      "html-webpack-plugin": "^3.2.0",
      "style-loader": "^0.23.1",
      "uglifyjs-webpack-plugin": "^2.1.2",
      "webpack": "^4.29.6",
      "webpack-cli": "^3.2.3",
      "webpack-dev-middleware": "^3.6.1",
      "webpack-dev-server": "^3.2.1",
      "webpack-merge": "^4.2.1",
      "xml-loader": "^1.2.1"
    }
  }

yarn manifest: 
  No manifest

Lockfile: 
  No lockfile
